
Circuit 1 cell sky130_fd_pr__nfet_01v8 and Circuit 2 cell sky130_fd_pr__nfet_01v8 are black boxes.
Equate elements:  no current cell.
Device classes sky130_fd_pr__nfet_01v8 and sky130_fd_pr__nfet_01v8 are equivalent.

Circuit 1 cell sky130_fd_pr__pfet_01v8 and Circuit 2 cell sky130_fd_pr__pfet_01v8 are black boxes.
Equate elements:  no current cell.
Device classes sky130_fd_pr__pfet_01v8 and sky130_fd_pr__pfet_01v8 are equivalent.

Class LDS_pcbc.spice (0):  Merged 165 parallel devices.
Class pcbc.spice (1):  Merged 165 parallel devices.
Subcircuit summary:
Circuit 1: LDS_pcbc.spice                  |Circuit 2: pcbc.spice                      
-------------------------------------------|-------------------------------------------
sky130_fd_pr__nfet_01v8 (120->3)           |sky130_fd_pr__nfet_01v8 (120->3)           
sky130_fd_pr__pfet_01v8 (52->4)            |sky130_fd_pr__pfet_01v8 (52->4)            
Number of devices: 7                       |Number of devices: 7                       
Number of nets: 6                          |Number of nets: 6                          
---------------------------------------------------------------------------------------
Netlists match uniquely.
Cells have no pins;  pin matching not needed.
Device classes LDS_pcbc.spice and pcbc.spice are equivalent.

Final result: Circuits match uniquely.
.
